[     189ms] [ERROR] Failed to load resource: the server responded with a status of 404 (Not Found) @ http://localhost:3000/fr/solutions/site-web:0
[    2654ms] [ERROR] Failed to load resource: the server responded with a status of 400 () @ https://us-assets.i.posthog.com/array/%3Cyour-posthog-key%3E/config.js:0
[    2654ms] [ERROR] Refused to execute script from 'https://us-assets.i.posthog.com/array/%3Cyour-posthog-key%3E/config.js' because its MIME type ('application/json') is not executable, and strict MIME type checking is enabled. @ http://localhost:3000/fr/solutions/site-web:0
[    2738ms] [ERROR] Failed to load resource: the server responded with a status of 401 () @ https://us.i.posthog.com/flags/?v=2&config=true&ip=0&_=1771409385946&ver=1.335.2&compression=base64:0
[    2953ms] [ERROR] Failed to load resource: the server responded with a status of 400 () @ https://us-assets.i.posthog.com/array/%3Cyour-posthog-key%3E/config?ip=0&_=1771409388333&ver=1.335.2:0
[    6762ms] [WARNING] Detected `scroll-behavior: smooth` on the `<html>` element. To disable smooth scrolling during route transitions, add `data-scroll-behavior="smooth"` to your <html> element. Learn more: https://nextjs.org/docs/messages/missing-data-scroll-behavior @ http://localhost:3000/_next/static/chunks/node_modules_next_dist_f3530cac._.js:2302
[    6828ms] [WARNING] You are trying to animate opacity from "undefined" to "1". "undefined" is not an animatable value.. For more information and steps for solving, visit https://motion.dev/troubleshooting/value-not-animatable @ http://localhost:3000/_next/static/chunks/node_modules_next_dist_f3530cac._.js:2302
[    7194ms] [ERROR] Failed to load resource: the server responded with a status of 401 (Unauthorized) @ http://localhost:3000/api/billing/me:0
[    8403ms] [ERROR] Failed to load resource: the server responded with a status of 401 (Unauthorized) @ http://localhost:3000/api/billing/me:0
[   10720ms] [ERROR] Failed to load resource: the server responded with a status of 401 (Unauthorized) @ http://localhost:3000/api/billing/me:0
[   13721ms] [WARNING] The resource http://localhost:3000/images/features/extension/dark.webp was preloaded using link preload but not used within a few seconds from the window's load event. Please make sure it has an appropriate `as` value and it is preloaded intentionally. @ http://localhost:3000/:0
[   13721ms] [WARNING] The resource http://localhost:3000/images/hero/dark.webp was preloaded using link preload but not used within a few seconds from the window's load event. Please make sure it has an appropriate `as` value and it is preloaded intentionally. @ http://localhost:3000/:0
[   13721ms] [WARNING] The resource http://localhost:3000/images/features/extension/light.webp was preloaded using link preload but not used within a few seconds from the window's load event. Please make sure it has an appropriate `as` value and it is preloaded intentionally. @ http://localhost:3000/:0
[   13721ms] [WARNING] The resource http://localhost:3000/images/features/core/dark.webp was preloaded using link preload but not used within a few seconds from the window's load event. Please make sure it has an appropriate `as` value and it is preloaded intentionally. @ http://localhost:3000/:0
[   13721ms] [WARNING] The resource http://localhost:3000/images/features/ai/dark.webp was preloaded using link preload but not used within a few seconds from the window's load event. Please make sure it has an appropriate `as` value and it is preloaded intentionally. @ http://localhost:3000/:0
[   13721ms] [WARNING] The resource http://localhost:3000/images/features/core/light.webp was preloaded using link preload but not used within a few seconds from the window's load event. Please make sure it has an appropriate `as` value and it is preloaded intentionally. @ http://localhost:3000/:0
[   13721ms] [WARNING] The resource http://localhost:3000/images/features/mobile/light.webp was preloaded using link preload but not used within a few seconds from the window's load event. Please make sure it has an appropriate `as` value and it is preloaded intentionally. @ http://localhost:3000/:0
[   13721ms] [WARNING] The resource http://localhost:3000/images/features/ai/light.webp was preloaded using link preload but not used within a few seconds from the window's load event. Please make sure it has an appropriate `as` value and it is preloaded intentionally. @ http://localhost:3000/:0
[   13721ms] [WARNING] The resource http://localhost:3000/images/hero/light.webp was preloaded using link preload but not used within a few seconds from the window's load event. Please make sure it has an appropriate `as` value and it is preloaded intentionally. @ http://localhost:3000/:0
[   13721ms] [WARNING] The resource http://localhost:3000/images/features/mobile/dark.webp was preloaded using link preload but not used within a few seconds from the window's load event. Please make sure it has an appropriate `as` value and it is preloaded intentionally. @ http://localhost:3000/:0
[   15020ms] [ERROR] Failed to load resource: the server responded with a status of 401 (Unauthorized) @ http://localhost:3000/api/billing/me:0
[   18022ms] [WARNING] The resource http://localhost:3000/images/features/extension/dark.webp was preloaded using link preload but not used within a few seconds from the window's load event. Please make sure it has an appropriate `as` value and it is preloaded intentionally. @ http://localhost:3000/:0
[   18022ms] [WARNING] The resource http://localhost:3000/images/hero/dark.webp was preloaded using link preload but not used within a few seconds from the window's load event. Please make sure it has an appropriate `as` value and it is preloaded intentionally. @ http://localhost:3000/:0
[   18022ms] [WARNING] The resource http://localhost:3000/images/features/extension/light.webp was preloaded using link preload but not used within a few seconds from the window's load event. Please make sure it has an appropriate `as` value and it is preloaded intentionally. @ http://localhost:3000/:0
[   18022ms] [WARNING] The resource http://localhost:3000/images/features/core/dark.webp was preloaded using link preload but not used within a few seconds from the window's load event. Please make sure it has an appropriate `as` value and it is preloaded intentionally. @ http://localhost:3000/:0
[   18022ms] [WARNING] The resource http://localhost:3000/images/features/ai/dark.webp was preloaded using link preload but not used within a few seconds from the window's load event. Please make sure it has an appropriate `as` value and it is preloaded intentionally. @ http://localhost:3000/:0
[   18022ms] [WARNING] The resource http://localhost:3000/images/features/core/light.webp was preloaded using link preload but not used within a few seconds from the window's load event. Please make sure it has an appropriate `as` value and it is preloaded intentionally. @ http://localhost:3000/:0
[   18022ms] [WARNING] The resource http://localhost:3000/images/features/mobile/light.webp was preloaded using link preload but not used within a few seconds from the window's load event. Please make sure it has an appropriate `as` value and it is preloaded intentionally. @ http://localhost:3000/:0
[   18022ms] [WARNING] The resource http://localhost:3000/images/features/ai/light.webp was preloaded using link preload but not used within a few seconds from the window's load event. Please make sure it has an appropriate `as` value and it is preloaded intentionally. @ http://localhost:3000/:0
[   18022ms] [WARNING] The resource http://localhost:3000/images/hero/light.webp was preloaded using link preload but not used within a few seconds from the window's load event. Please make sure it has an appropriate `as` value and it is preloaded intentionally. @ http://localhost:3000/:0
[   18022ms] [WARNING] The resource http://localhost:3000/images/features/mobile/dark.webp was preloaded using link preload but not used within a few seconds from the window's load event. Please make sure it has an appropriate `as` value and it is preloaded intentionally. @ http://localhost:3000/:0
