[     182ms] [ERROR] Failed to load resource: the server responded with a status of 404 (Not Found) @ http://localhost:3000/fr/services:0
[    2007ms] [ERROR] Failed to load resource: the server responded with a status of 400 () @ https://us-assets.i.posthog.com/array/%3Cyour-posthog-key%3E/config.js:0
[    2007ms] [ERROR] Refused to execute script from 'https://us-assets.i.posthog.com/array/%3Cyour-posthog-key%3E/config.js' because its MIME type ('application/json') is not executable, and strict MIME type checking is enabled. @ http://localhost:3000/fr/services:0
[    2008ms] [ERROR] Failed to load resource: the server responded with a status of 401 () @ https://us.i.posthog.com/flags/?v=2&config=true&ip=0&_=1771340791054&ver=1.335.2&compression=base64:0
[    2349ms] [ERROR] Failed to load resource: the server responded with a status of 400 () @ https://us-assets.i.posthog.com/array/%3Cyour-posthog-key%3E/config?ip=0&_=1771340792832&ver=1.335.2:0
[   12522ms] [WARNING] Detected `scroll-behavior: smooth` on the `<html>` element. To disable smooth scrolling during route transitions, add `data-scroll-behavior="smooth"` to your <html> element. Learn more: https://nextjs.org/docs/messages/missing-data-scroll-behavior @ http://localhost:3000/_next/static/chunks/node_modules_next_dist_f3530cac._.js:2302
[   12587ms] [WARNING] You are trying to animate opacity from "undefined" to "1". "undefined" is not an animatable value.. For more information and steps for solving, visit https://motion.dev/troubleshooting/value-not-animatable @ http://localhost:3000/_next/static/chunks/node_modules_next_dist_f3530cac._.js:2302
[   12841ms] [ERROR] Failed to load resource: the server responded with a status of 401 (Unauthorized) @ http://localhost:3000/api/billing/me:0
[   13982ms] [ERROR] Failed to load resource: the server responded with a status of 401 (Unauthorized) @ http://localhost:3000/api/billing/me:0
[   16171ms] [ERROR] Failed to load resource: the server responded with a status of 401 (Unauthorized) @ http://localhost:3000/api/billing/me:0
[   19397ms] [ERROR] [Better Auth] Error verifying passkey AbortError: Authentication ceremony was sent an abort signal
    at identifyAuthenticationError (http://localhost:3000/_next/static/chunks/node_modules_d7a45d48._.js:7899:20)
    at startAuthentication (http://localhost:3000/_next/static/chunks/node_modules_d7a45d48._.js:8021:242)
    at async Proxy.signInPasskey (http://localhost:3000/_next/static/chunks/node_modules_d7a45d48._.js:12184:31) @ http://localhost:3000/_next/static/chunks/node_modules_next_dist_f3530cac._.js:3132
[   25222ms] [WARNING] The resource http://localhost:3000/images/features/extension/dark.webp was preloaded using link preload but not used within a few seconds from the window's load event. Please make sure it has an appropriate `as` value and it is preloaded intentionally. @ http://localhost:3000/auth/login:0
[   25222ms] [WARNING] The resource http://localhost:3000/images/hero/dark.webp was preloaded using link preload but not used within a few seconds from the window's load event. Please make sure it has an appropriate `as` value and it is preloaded intentionally. @ http://localhost:3000/auth/login:0
[   25222ms] [WARNING] The resource http://localhost:3000/images/features/extension/light.webp was preloaded using link preload but not used within a few seconds from the window's load event. Please make sure it has an appropriate `as` value and it is preloaded intentionally. @ http://localhost:3000/auth/login:0
[   25222ms] [WARNING] The resource http://localhost:3000/images/features/core/dark.webp was preloaded using link preload but not used within a few seconds from the window's load event. Please make sure it has an appropriate `as` value and it is preloaded intentionally. @ http://localhost:3000/auth/login:0
[   25222ms] [WARNING] The resource http://localhost:3000/images/features/ai/dark.webp was preloaded using link preload but not used within a few seconds from the window's load event. Please make sure it has an appropriate `as` value and it is preloaded intentionally. @ http://localhost:3000/auth/login:0
[   25222ms] [WARNING] The resource http://localhost:3000/images/features/core/light.webp was preloaded using link preload but not used within a few seconds from the window's load event. Please make sure it has an appropriate `as` value and it is preloaded intentionally. @ http://localhost:3000/auth/login:0
[   25222ms] [WARNING] The resource http://localhost:3000/images/features/mobile/light.webp was preloaded using link preload but not used within a few seconds from the window's load event. Please make sure it has an appropriate `as` value and it is preloaded intentionally. @ http://localhost:3000/auth/login:0
[   25222ms] [WARNING] The resource http://localhost:3000/images/features/ai/light.webp was preloaded using link preload but not used within a few seconds from the window's load event. Please make sure it has an appropriate `as` value and it is preloaded intentionally. @ http://localhost:3000/auth/login:0
[   25222ms] [WARNING] The resource http://localhost:3000/images/hero/light.webp was preloaded using link preload but not used within a few seconds from the window's load event. Please make sure it has an appropriate `as` value and it is preloaded intentionally. @ http://localhost:3000/auth/login:0
[   25222ms] [WARNING] The resource http://localhost:3000/images/features/mobile/dark.webp was preloaded using link preload but not used within a few seconds from the window's load event. Please make sure it has an appropriate `as` value and it is preloaded intentionally. @ http://localhost:3000/auth/login:0
[   38517ms] [ERROR] WebSocket connection to 'ws://localhost:3000/_next/webpack-hmr?id=8eVV9rF3jJKq_4DksMi_F' failed: Error in connection establishment: net::ERR_CONNECTION_REFUSED @ http://localhost:3000/_next/static/chunks/node_modules_next_dist_client_17643121._.js:10878
[   40037ms] [ERROR] WebSocket connection to 'ws://localhost:3000/_next/webpack-hmr?id=8eVV9rF3jJKq_4DksMi_F' failed: Connection closed before receiving a handshake response @ http://localhost:3000/_next/static/chunks/node_modules_next_dist_client_17643121._.js:10878
[   41039ms] [ERROR] WebSocket connection to 'ws://localhost:3000/_next/webpack-hmr?id=8eVV9rF3jJKq_4DksMi_F' failed: Error in connection establishment: net::ERR_CONNECTION_REFUSED @ http://localhost:3000/_next/static/chunks/node_modules_next_dist_client_17643121._.js:10878
[   42042ms] [ERROR] WebSocket connection to 'ws://localhost:3000/_next/webpack-hmr?id=8eVV9rF3jJKq_4DksMi_F' failed: Error in connection establishment: net::ERR_CONNECTION_REFUSED @ http://localhost:3000/_next/static/chunks/node_modules_next_dist_client_17643121._.js:10878
[   43045ms] [ERROR] WebSocket connection to 'ws://localhost:3000/_next/webpack-hmr?id=8eVV9rF3jJKq_4DksMi_F' failed: Error in connection establishment: net::ERR_CONNECTION_REFUSED @ http://localhost:3000/_next/static/chunks/node_modules_next_dist_client_17643121._.js:10878
[   48047ms] [ERROR] WebSocket connection to 'ws://localhost:3000/_next/webpack-hmr?id=8eVV9rF3jJKq_4DksMi_F' failed: Error in connection establishment: net::ERR_CONNECTION_REFUSED @ http://localhost:3000/_next/static/chunks/node_modules_next_dist_client_17643121._.js:10878
[   53049ms] [ERROR] WebSocket connection to 'ws://localhost:3000/_next/webpack-hmr?id=8eVV9rF3jJKq_4DksMi_F' failed: Error in connection establishment: net::ERR_CONNECTION_REFUSED @ http://localhost:3000/_next/static/chunks/node_modules_next_dist_client_17643121._.js:10878
[   58053ms] [ERROR] WebSocket connection to 'ws://localhost:3000/_next/webpack-hmr?id=8eVV9rF3jJKq_4DksMi_F' failed: Error in connection establishment: net::ERR_CONNECTION_REFUSED @ http://localhost:3000/_next/static/chunks/node_modules_next_dist_client_17643121._.js:10878
[   63056ms] [ERROR] WebSocket connection to 'ws://localhost:3000/_next/webpack-hmr?id=8eVV9rF3jJKq_4DksMi_F' failed: Error in connection establishment: net::ERR_CONNECTION_REFUSED @ http://localhost:3000/_next/static/chunks/node_modules_next_dist_client_17643121._.js:10878
[   68061ms] [ERROR] WebSocket connection to 'ws://localhost:3000/_next/webpack-hmr?id=8eVV9rF3jJKq_4DksMi_F' failed: Error in connection establishment: net::ERR_CONNECTION_REFUSED @ http://localhost:3000/_next/static/chunks/node_modules_next_dist_client_17643121._.js:10878
[   73064ms] [ERROR] WebSocket connection to 'ws://localhost:3000/_next/webpack-hmr?id=8eVV9rF3jJKq_4DksMi_F' failed: Error in connection establishment: net::ERR_CONNECTION_REFUSED @ http://localhost:3000/_next/static/chunks/node_modules_next_dist_client_17643121._.js:10878
[   78068ms] [ERROR] WebSocket connection to 'ws://localhost:3000/_next/webpack-hmr?id=8eVV9rF3jJKq_4DksMi_F' failed: Error in connection establishment: net::ERR_CONNECTION_REFUSED @ http://localhost:3000/_next/static/chunks/node_modules_next_dist_client_17643121._.js:10878
